<?xml version="1.0" encoding="utf-8"?><testsuites><testsuite name="pytest" errors="0" failures="0" skipped="132" tests="351" time="559.960" timestamp="2024-06-05T18:06:24.394987" hostname="Davids-MBP.home"><testcase classname="cloe.cosmo.cosmology" name="PYDOCSTYLE" time="0.002"><skipped type="pytest.skip" message="previously passed pydocstyle checks">/Users/david/opt/anaconda3/envs/cloe/lib/python3.9/site-packages/pytest_pydocstyle.py:86: previously passed pydocstyle checks</skipped></testcase><testcase classname="cloe.cosmo.cosmology" name="PYCODESTYLE" time="0.002"><skipped type="pytest.skip" message="previously passed pycodestyle checks">/Users/david/opt/anaconda3/envs/cloe/lib/python3.9/site-packages/pytest_pycodestyle.py:68: previously passed pycodestyle checks</skipped></testcase><testcase classname="cloe.tests.test_CG" name="PYCODESTYLE" time="0.001"><skipped type="pytest.skip" message="previously passed pycodestyle checks">/Users/david/opt/anaconda3/envs/cloe/lib/python3.9/site-packages/pytest_pycodestyle.py:68: previously passed pycodestyle checks</skipped></testcase><testcase classname="cloe.tests.test_CG.CGinitTestCase" name="test_Delta" time="28.760" /><testcase classname="cloe.tests.test_CG.CGinitTestCase" name="test_Omm_z" time="0.001" /><testcase classname="cloe.tests.test_CG.CGinitTestCase" name="test_Pk_def" time="0.001" /><testcase classname="cloe.tests.test_CG.CGinitTestCase" name="test_Plambda_obs" time="0.001" /><testcase classname="cloe.tests.test_CG.CGinitTestCase" name="test_Pscaling_relation" time="0.001" /><testcase classname="cloe.tests.test_CG.CGinitTestCase" name="test_Pz_obs" time="0.001" /><testcase classname="cloe.tests.test_CG.CGinitTestCase" name="test_cov_window" time="0.002" /><testcase classname="cloe.tests.test_CG.CGinitTestCase" name="test_dVdzdO" time="0.001" /><testcase classname="cloe.tests.test_CG.CGinitTestCase" name="test_delta_c" time="0.001" /><testcase classname="cloe.tests.test_CG.CGinitTestCase" name="test_dlnsdlnR" time="0.008" /><testcase classname="cloe.tests.test_CG.CGinitTestCase" name="test_dndm" time="0.004" /><testcase classname="cloe.tests.test_CG.CGinitTestCase" name="test_f_sigma_nu" time="0.003" /><testcase classname="cloe.tests.test_CG.CGinitTestCase" name="test_halo_bias" time="0.002" /><testcase classname="cloe.tests.test_CG.CGinitTestCase" name="test_lnlambda" time="0.001" /><testcase classname="cloe.tests.test_CG.CGinitTestCase" name="test_nu_z_M" time="0.002" /><testcase classname="cloe.tests.test_CG.CGinitTestCase" name="test_number_counts" time="0.082" /><testcase classname="cloe.tests.test_CG.CGinitTestCase" name="test_radius_M" time="0.002" /><testcase classname="cloe.tests.test_CG.CGinitTestCase" name="test_rho_crit_0" time="0.001" /><testcase classname="cloe.tests.test_CG.CGinitTestCase" name="test_rho_mean_0" time="0.001" /><testcase classname="cloe.tests.test_CG.CGinitTestCase" name="test_scatter_Plambda_obs" time="0.001" /><testcase classname="cloe.tests.test_CG.CGinitTestCase" name="test_scatter_lnlambda" time="0.001" /><testcase classname="cloe.tests.test_CG.CGinitTestCase" name="test_scatter_z_obs" time="0.001" /><testcase classname="cloe.tests.test_CG.CGinitTestCase" name="test_sigma_z_M" time="0.001" /><testcase classname="cloe.tests.test_CG.CGinitTestCase" name="test_window_W" time="0.001" /><testcase classname="cloe.tests.test_CG.CGinitTestCase" name="test_window_dWdx" time="0.002" /><testcase classname="cloe.user_interface.likelihood_ui" name="PYDOCSTYLE" time="0.004"><skipped type="pytest.skip" message="previously passed pydocstyle checks">/Users/david/opt/anaconda3/envs/cloe/lib/python3.9/site-packages/pytest_pydocstyle.py:86: previously passed pydocstyle checks</skipped></testcase><testcase classname="cloe.user_interface.likelihood_ui" name="PYCODESTYLE" time="0.001"><skipped type="pytest.skip" message="previously passed pycodestyle checks">/Users/david/opt/anaconda3/envs/cloe/lib/python3.9/site-packages/pytest_pycodestyle.py:68: previously passed pycodestyle checks</skipped></testcase><testcase classname="cloe.tests.test_input.mock_observables" name="PYDOCSTYLE" time="0.001"><skipped type="pytest.skip" message="previously passed pydocstyle checks">/Users/david/opt/anaconda3/envs/cloe/lib/python3.9/site-packages/pytest_pydocstyle.py:86: previously passed pydocstyle checks</skipped></testcase><testcase classname="cloe.tests.test_input.mock_observables" name="PYCODESTYLE" time="0.001"><skipped type="pytest.skip" message="previously passed pycodestyle checks">/Users/david/opt/anaconda3/envs/cloe/lib/python3.9/site-packages/pytest_pycodestyle.py:68: previously passed pycodestyle checks</skipped></testcase><testcase classname="cloe.tests.test_input.data" name="PYDOCSTYLE" time="0.001"><skipped type="pytest.skip" message="previously passed pydocstyle checks">/Users/david/opt/anaconda3/envs/cloe/lib/python3.9/site-packages/pytest_pydocstyle.py:86: previously passed pydocstyle checks</skipped></testcase><testcase classname="cloe.tests.test_input.data" name="PYCODESTYLE" time="0.001"><skipped type="pytest.skip" message="previously passed pycodestyle checks">/Users/david/opt/anaconda3/envs/cloe/lib/python3.9/site-packages/pytest_pycodestyle.py:68: previously passed pycodestyle checks</skipped></testcase><testcase classname="cloe.tests.test_data_reader" name="PYCODESTYLE" time="0.001"><skipped type="pytest.skip" message="previously passed pycodestyle checks">/Users/david/opt/anaconda3/envs/cloe/lib/python3.9/site-packages/pytest_pycodestyle.py:68: previously passed pycodestyle checks</skipped></testcase><testcase classname="cloe.tests.test_data_reader.datareaderTestCase" name="test_bench_gc_cov_check" time="0.239" /><testcase classname="cloe.tests.test_data_reader.datareaderTestCase" name="test_bench_phot_cls_check" time="0.661" /><testcase classname="cloe.tests.test_data_reader.datareaderTestCase" name="test_bench_phot_cov_check" time="0.886" /><testcase classname="cloe.tests.test_data_reader.datareaderTestCase" name="test_data_dict_init" time="0.138" /><testcase classname="cloe.tests.test_data_reader.datareaderTestCase" name="test_fiducial_reading_check" time="0.231" /><testcase classname="cloe.tests.test_data_reader.datareaderTestCase" name="test_gc_fname_exception" time="0.138" /><testcase classname="cloe.tests.test_data_reader.datareaderTestCase" name="test_gc_spec_cov_num_check_cov_nsim_exists" time="0.133" /><testcase classname="cloe.tests.test_data_reader.datareaderTestCase" name="test_gc_spec_cov_num_check_cov_nsim_is_number" time="0.147" /><testcase classname="cloe.tests.test_data_reader.datareaderTestCase" name="test_gc_spec_cov_num_check_cov_nsim_is_positive" time="0.136" /><testcase classname="cloe.tests.test_data_reader.datareaderTestCase" name="test_nz_GC_Phot_dict_init" time="0.135" /><testcase classname="cloe.tests.test_data_reader.datareaderTestCase" name="test_nz_GC_Phot_dict_interpolator" time="0.134" /><testcase classname="cloe.tests.test_data_reader.datareaderTestCase" name="test_nz_WL_dict_init" time="0.135" /><testcase classname="cloe.tests.test_data_reader.datareaderTestCase" name="test_nz_WL_dict_interpolator" time="0.135" /><testcase classname="cloe.tests.test_data_reader.datareaderTestCase" name="test_phot_cov_num_check_cov_nsim_exists" time="0.135" /><testcase classname="cloe.tests.test_data_reader.datareaderTestCase" name="test_phot_cov_num_check_cov_nsim_is_number" time="0.139" /><testcase classname="cloe.tests.test_data_reader.datareaderTestCase" name="test_photo_cov_num_check_cov_nsim_is_positive" time="0.133" /><testcase classname="cloe.tests.test_data_reader.datareaderTestCase" name="test_scale_cut_reading_check" time="0.249" /><testcase classname="cloe.spectroscopic_survey.spectro" name="PYDOCSTYLE" time="0.001"><skipped type="pytest.skip" message="previously passed pydocstyle checks">/Users/david/opt/anaconda3/envs/cloe/lib/python3.9/site-packages/pytest_pydocstyle.py:86: previously passed pydocstyle checks</skipped></testcase><testcase classname="cloe.spectroscopic_survey.spectro" name="PYCODESTYLE" time="0.001"><skipped type="pytest.skip" message="previously passed pycodestyle checks">/Users/david/opt/anaconda3/envs/cloe/lib/python3.9/site-packages/pytest_pycodestyle.py:68: previously passed pycodestyle checks</skipped></testcase><testcase classname="cloe.like_calc.euclike" name="PYDOCSTYLE" time="0.001"><skipped type="pytest.skip" message="previously passed pydocstyle checks">/Users/david/opt/anaconda3/envs/cloe/lib/python3.9/site-packages/pytest_pydocstyle.py:86: previously passed pydocstyle checks</skipped></testcase><testcase classname="cloe.like_calc.euclike" name="PYCODESTYLE" time="0.001"><skipped type="pytest.skip" message="previously passed pycodestyle checks">/Users/david/opt/anaconda3/envs/cloe/lib/python3.9/site-packages/pytest_pycodestyle.py:68: previously passed pycodestyle checks</skipped></testcase><testcase classname="cloe.data_reader.reader" name="PYDOCSTYLE" time="0.001"><skipped type="pytest.skip" message="previously passed pydocstyle checks">/Users/david/opt/anaconda3/envs/cloe/lib/python3.9/site-packages/pytest_pydocstyle.py:86: previously passed pydocstyle checks</skipped></testcase><testcase classname="cloe.data_reader.reader" name="PYCODESTYLE" time="0.001"><skipped type="pytest.skip" message="previously passed pycodestyle checks">/Users/david/opt/anaconda3/envs/cloe/lib/python3.9/site-packages/pytest_pycodestyle.py:68: previously passed pycodestyle checks</skipped></testcase><testcase classname="cloe.cobaya_interface" name="PYDOCSTYLE" time="0.001"><skipped type="pytest.skip" message="previously passed pydocstyle checks">/Users/david/opt/anaconda3/envs/cloe/lib/python3.9/site-packages/pytest_pydocstyle.py:86: previously passed pydocstyle checks</skipped></testcase><testcase classname="cloe.cobaya_interface" name="PYCODESTYLE" time="0.001"><skipped type="pytest.skip" message="previously passed pycodestyle checks">/Users/david/opt/anaconda3/envs/cloe/lib/python3.9/site-packages/pytest_pycodestyle.py:68: previously passed pycodestyle checks</skipped></testcase><testcase classname="cloe.clusters_of_galaxies.__init__" name="PYDOCSTYLE" time="0.001"><skipped type="pytest.skip" message="previously passed pydocstyle checks">/Users/david/opt/anaconda3/envs/cloe/lib/python3.9/site-packages/pytest_pydocstyle.py:86: previously passed pydocstyle checks</skipped></testcase><testcase classname="cloe.clusters_of_galaxies.__init__" name="PYCODESTYLE" time="0.001"><skipped type="pytest.skip" message="previously passed pycodestyle checks">/Users/david/opt/anaconda3/envs/cloe/lib/python3.9/site-packages/pytest_pycodestyle.py:68: previously passed pycodestyle checks</skipped></testcase><testcase classname="cloe.clusters_of_galaxies.CG" name="PYDOCSTYLE" time="0.001"><skipped type="pytest.skip" message="previously passed pydocstyle checks">/Users/david/opt/anaconda3/envs/cloe/lib/python3.9/site-packages/pytest_pydocstyle.py:86: previously passed pydocstyle checks</skipped></testcase><testcase classname="cloe.clusters_of_galaxies.CG" name="PYCODESTYLE" time="0.001"><skipped type="pytest.skip" message="previously passed pycodestyle checks">/Users/david/opt/anaconda3/envs/cloe/lib/python3.9/site-packages/pytest_pycodestyle.py:68: previously passed pycodestyle checks</skipped></testcase><testcase classname="cloe.auxiliary.observables_dealer" name="PYDOCSTYLE" time="0.001"><skipped type="pytest.skip" message="previously passed pydocstyle checks">/Users/david/opt/anaconda3/envs/cloe/lib/python3.9/site-packages/pytest_pydocstyle.py:86: previously passed pydocstyle checks</skipped></testcase><testcase classname="cloe.auxiliary.observables_dealer" name="PYCODESTYLE" time="0.001"><skipped type="pytest.skip" message="previously passed pycodestyle checks">/Users/david/opt/anaconda3/envs/cloe/lib/python3.9/site-packages/pytest_pycodestyle.py:68: previously passed pycodestyle checks</skipped></testcase><testcase classname="cloe.non_linear.miscellanous" name="PYDOCSTYLE" time="0.001"><skipped type="pytest.skip" message="previously passed pydocstyle checks">/Users/david/opt/anaconda3/envs/cloe/lib/python3.9/site-packages/pytest_pydocstyle.py:86: previously passed pydocstyle checks</skipped></testcase><testcase classname="cloe.non_linear.miscellanous" name="PYCODESTYLE" time="0.001"><skipped type="pytest.skip" message="previously passed pycodestyle checks">/Users/david/opt/anaconda3/envs/cloe/lib/python3.9/site-packages/pytest_pycodestyle.py:68: previously passed pycodestyle checks</skipped></testcase><testcase classname="cloe.non_linear.pgL_phot" name="PYDOCSTYLE" time="0.001"><skipped type="pytest.skip" message="previously passed pydocstyle checks">/Users/david/opt/anaconda3/envs/cloe/lib/python3.9/site-packages/pytest_pydocstyle.py:86: previously passed pydocstyle checks</skipped></testcase><testcase classname="cloe.non_linear.pgL_phot" name="PYCODESTYLE" time="0.001"><skipped type="pytest.skip" message="previously passed pycodestyle checks">/Users/david/opt/anaconda3/envs/cloe/lib/python3.9/site-packages/pytest_pycodestyle.py:68: previously passed pycodestyle checks</skipped></testcase><testcase classname="cloe.non_linear.pLL_phot" name="PYDOCSTYLE" time="0.001"><skipped type="pytest.skip" message="previously passed pydocstyle checks">/Users/david/opt/anaconda3/envs/cloe/lib/python3.9/site-packages/pytest_pydocstyle.py:86: previously passed pydocstyle checks</skipped></testcase><testcase classname="cloe.non_linear.pLL_phot" name="PYCODESTYLE" time="0.001"><skipped type="pytest.skip" message="previously passed pycodestyle checks">/Users/david/opt/anaconda3/envs/cloe/lib/python3.9/site-packages/pytest_pycodestyle.py:68: previously passed pycodestyle checks</skipped></testcase><testcase classname="cloe.tests.test_nonlinear" name="PYCODESTYLE" time="0.001"><skipped type="pytest.skip" message="previously passed pycodestyle checks">/Users/david/opt/anaconda3/envs/cloe/lib/python3.9/site-packages/pytest_pycodestyle.py:68: previously passed pycodestyle checks</skipped></testcase><testcase classname="cloe.tests.test_nonlinear.nonlinearinitTestCase" name="test_Pdeltai_def" time="60.234" /><testcase classname="cloe.tests.test_nonlinear.nonlinearinitTestCase" name="test_Pgdelta_phot_def" time="0.003" /><testcase classname="cloe.tests.test_nonlinear.nonlinearinitTestCase" name="test_Pgdelta_spectro_def" time="0.001" /><testcase classname="cloe.tests.test_nonlinear.nonlinearinitTestCase" name="test_Pgg_phot_def" time="0.003" /><testcase classname="cloe.tests.test_nonlinear.nonlinearinitTestCase" name="test_Pgg_spectro_def" time="0.001" /><testcase classname="cloe.tests.test_nonlinear.nonlinearinitTestCase" name="test_Pgi_phot_def" time="0.006" /><testcase classname="cloe.tests.test_nonlinear.nonlinearinitTestCase" name="test_Pgi_spectro_def" time="0.003" /><testcase classname="cloe.tests.test_nonlinear.nonlinearinitTestCase" name="test_Pii_def" time="0.009" /><testcase classname="cloe.tests.test_nonlinear.nonlinearinitTestCase" name="test_baryon_extrapolation_Pmm_phot_def" time="0.002" /><testcase classname="cloe.tests.test_nonlinear.nonlinearinitTestCase" name="test_baryon_extrapolation_options" time="1.449" /><testcase classname="cloe.tests.test_nonlinear.nonlinearinitTestCase" name="test_baryons_Pmm_phot_def" time="0.004" /><testcase classname="cloe.tests.test_nonlinear.nonlinearinitTestCase" name="test_create_phot_galbias_nl" time="0.006" /><testcase classname="cloe.tests.test_nonlinear.nonlinearinitTestCase" name="test_extrapolation_Pmm_phot_def" time="0.003" /><testcase classname="cloe.tests.test_nonlinear.nonlinearinitTestCase" name="test_extrapolation_options" time="9.039" /><testcase classname="cloe.tests.test_nonlinear.nonlinearinitTestCase" name="test_fia" time="0.002" /><testcase classname="cloe.tests.test_nonlinear.nonlinearinitTestCase" name="test_fia_k_array" time="0.002" /><testcase classname="cloe.tests.test_nonlinear.nonlinearinitTestCase" name="test_fia_z_array" time="0.001" /><testcase classname="cloe.tests.test_nonlinear.nonlinearinitTestCase" name="test_fia_zk_array" time="0.002" /><testcase classname="cloe.tests.test_nonlinear.nonlinearinitTestCase" name="test_istf_spectro_galbias" time="0.003" /><testcase classname="cloe.tests.test_nonlinear.nonlinearinitTestCase" name="test_noise_Pgg_spectro" time="0.002" /><testcase classname="cloe.tests.test_nonlinear.nonlinearinitTestCase" name="test_poly_phot_galbias" time="0.003" /><testcase classname="cloe.non_linear.nonlinear" name="PYDOCSTYLE" time="0.002"><skipped type="pytest.skip" message="previously passed pydocstyle checks">/Users/david/opt/anaconda3/envs/cloe/lib/python3.9/site-packages/pytest_pydocstyle.py:86: previously passed pydocstyle checks</skipped></testcase><testcase classname="cloe.non_linear.nonlinear" name="PYCODESTYLE" time="0.001"><skipped type="pytest.skip" message="previously passed pycodestyle checks">/Users/david/opt/anaconda3/envs/cloe/lib/python3.9/site-packages/pytest_pycodestyle.py:68: previously passed pycodestyle checks</skipped></testcase><testcase classname="cloe.tests.test_phot" name="PYCODESTYLE" time="0.001"><skipped type="pytest.skip" message="previously passed pycodestyle checks">/Users/david/opt/anaconda3/envs/cloe/lib/python3.9/site-packages/pytest_pycodestyle.py:68: previously passed pycodestyle checks</skipped></testcase><testcase classname="cloe.tests.test_phot.photoinitTestCase" name="test_Cl_GC_phot_precomputed" time="1.190" /><testcase classname="cloe.tests.test_phot.photoinitTestCase" name="test_Cl_WL_precomputed" time="0.021" /><testcase classname="cloe.tests.test_phot.photoinitTestCase" name="test_Cl_cross_precomputed" time="0.023" /><testcase classname="cloe.tests.test_phot.photoinitTestCase" name="test_GC_window" time="0.001" /><testcase classname="cloe.tests.test_phot.photoinitTestCase" name="test_GC_window_RSD" time="0.001" /><testcase classname="cloe.tests.test_phot.photoinitTestCase" name="test_IA_window" time="0.002" /><testcase classname="cloe.tests.test_phot.photoinitTestCase" name="test_WL_window" time="0.029" /><testcase classname="cloe.tests.test_phot.photoinitTestCase" name="test_cl_GC" time="0.011" /><testcase classname="cloe.tests.test_phot.photoinitTestCase" name="test_cl_GC_RSD" time="0.011" /><testcase classname="cloe.tests.test_phot.photoinitTestCase" name="test_cl_WL" time="0.010" /><testcase classname="cloe.tests.test_phot.photoinitTestCase" name="test_cl_cross" time="0.008" /><testcase classname="cloe.tests.test_phot.photoinitTestCase" name="test_cl_cross_RSD" time="0.011" /><testcase classname="cloe.tests.test_phot.photoinitTestCase" name="test_corr_func_invalid_obs" time="0.001" /><testcase classname="cloe.tests.test_phot.photoinitTestCase" name="test_corr_func_invalid_type" time="0.001" /><testcase classname="cloe.tests.test_phot.photoinitTestCase" name="test_corr_func_pp" time="0.101" /><testcase classname="cloe.tests.test_phot.photoinitTestCase" name="test_corr_func_sp" time="0.099" /><testcase classname="cloe.tests.test_phot.photoinitTestCase" name="test_corr_func_ssm" time="0.082" /><testcase classname="cloe.tests.test_phot.photoinitTestCase" name="test_corr_func_ssp" time="0.119" /><testcase classname="cloe.tests.test_phot.photoinitTestCase" name="test_eval_prefactor_l_0" time="0.001" /><testcase classname="cloe.tests.test_phot.photoinitTestCase" name="test_eval_prefactor_l_minus1" time="0.001" /><testcase classname="cloe.tests.test_phot.photoinitTestCase" name="test_eval_prefactor_l_plus1" time="0.001" /><testcase classname="cloe.tests.test_phot.photoinitTestCase" name="test_eval_prefactor_mag" time="0.001" /><testcase classname="cloe.tests.test_phot.photoinitTestCase" name="test_eval_prefactor_shearia" time="0.001" /><testcase classname="cloe.tests.test_phot.photoinitTestCase" name="test_f_K_z_func_is_None" time="0.004" /><testcase classname="cloe.tests.test_phot.photoinitTestCase" name="test_magnification_window" time="0.030" /><testcase classname="cloe.tests.test_phot.photoinitTestCase" name="test_magnification_window_1" time="0.017" /><testcase classname="cloe.tests.test_phot.photoinitTestCase" name="test_poly_mag_bias" time="0.001" /><testcase classname="cloe.tests.test_phot.photoinitTestCase" name="test_power_exception" time="0.001" /><testcase classname="cloe.tests.test_phot.photoinitTestCase" name="test_set_prefactor" time="0.010" /><testcase classname="cloe.tests.test_phot.photoinitTestCase" name="test_unpack_RSD_kernel" time="0.001" /><testcase classname="cloe.tests.test_phot.photoinitTestCase" name="test_w_integrand" time="0.001" /><testcase classname="cloe.tests.test_phot.photoinitTestCase" name="test_z_minus1" time="0.001" /><testcase classname="cloe.tests.test_phot.photoinitTestCase" name="test_z_plus1" time="0.002" /><testcase classname="cloe.tests.test_like_calc" name="PYCODESTYLE" time="0.001"><skipped type="pytest.skip" message="previously passed pycodestyle checks">/Users/david/opt/anaconda3/envs/cloe/lib/python3.9/site-packages/pytest_pycodestyle.py:68: previously passed pycodestyle checks</skipped></testcase><testcase classname="cloe.tests.test_like_calc.likecalcTestCase" name="test_loglike" time="114.458" /><testcase classname="cloe.tests.test_like_calc.likecalcBNT_TestCase" name="test_loglike_BNT_unity" time="115.583" /><testcase classname="cloe.tests.test_like_calc.likecalcngTestCase" name="test_loglike_ng" time="118.591" /><testcase classname="cloe.tests.test_like_calc.likecalcngTestCase" name="test_spectro_cov_nsim" time="15.920" /><testcase classname="cloe.photometric_survey.photo" name="PYDOCSTYLE" time="0.007"><skipped type="pytest.skip" message="previously passed pydocstyle checks">/Users/david/opt/anaconda3/envs/cloe/lib/python3.9/site-packages/pytest_pydocstyle.py:86: previously passed pydocstyle checks</skipped></testcase><testcase classname="cloe.photometric_survey.photo" name="PYCODESTYLE" time="0.001"><skipped type="pytest.skip" message="previously passed pycodestyle checks">/Users/david/opt/anaconda3/envs/cloe/lib/python3.9/site-packages/pytest_pycodestyle.py:68: previously passed pycodestyle checks</skipped></testcase><testcase classname="cloe.tests.test_tools.cobaya_model_handler" name="PYDOCSTYLE" time="0.002"><skipped type="pytest.skip" message="previously passed pydocstyle checks">/Users/david/opt/anaconda3/envs/cloe/lib/python3.9/site-packages/pytest_pydocstyle.py:86: previously passed pydocstyle checks</skipped></testcase><testcase classname="cloe.tests.test_tools.cobaya_model_handler" name="PYCODESTYLE" time="0.001"><skipped type="pytest.skip" message="previously passed pycodestyle checks">/Users/david/opt/anaconda3/envs/cloe/lib/python3.9/site-packages/pytest_pycodestyle.py:68: previously passed pycodestyle checks</skipped></testcase><testcase classname="cloe.non_linear.pgg_phot" name="PYDOCSTYLE" time="0.004"><skipped type="pytest.skip" message="previously passed pydocstyle checks">/Users/david/opt/anaconda3/envs/cloe/lib/python3.9/site-packages/pytest_pydocstyle.py:86: previously passed pydocstyle checks</skipped></testcase><testcase classname="cloe.non_linear.pgg_phot" name="PYCODESTYLE" time="0.001"><skipped type="pytest.skip" message="previously passed pycodestyle checks">/Users/david/opt/anaconda3/envs/cloe/lib/python3.9/site-packages/pytest_pycodestyle.py:68: previously passed pycodestyle checks</skipped></testcase><testcase classname="cloe.non_linear.eft" name="PYDOCSTYLE" time="0.001"><skipped type="pytest.skip" message="previously passed pydocstyle checks">/Users/david/opt/anaconda3/envs/cloe/lib/python3.9/site-packages/pytest_pydocstyle.py:86: previously passed pydocstyle checks</skipped></testcase><testcase classname="cloe.non_linear.eft" name="PYCODESTYLE" time="0.001"><skipped type="pytest.skip" message="previously passed pycodestyle checks">/Users/david/opt/anaconda3/envs/cloe/lib/python3.9/site-packages/pytest_pycodestyle.py:68: previously passed pycodestyle checks</skipped></testcase><testcase classname="cloe.tests.test_spectro" name="PYCODESTYLE" time="0.001"><skipped type="pytest.skip" message="previously passed pycodestyle checks">/Users/david/opt/anaconda3/envs/cloe/lib/python3.9/site-packages/pytest_pycodestyle.py:68: previously passed pycodestyle checks</skipped></testcase><testcase classname="cloe.tests.test_spectro.specinitTestCase" name="test_f_out" time="0.246" /><testcase classname="cloe.tests.test_spectro.specinitTestCase" name="test_f_out_z_dep" time="0.209" /><testcase classname="cloe.tests.test_spectro.specinitTestCase" name="test_f_out_z_exception" time="0.211" /><testcase classname="cloe.tests.test_spectro.specinitTestCase" name="test_gal_redshift_scatter" time="0.001" /><testcase classname="cloe.tests.test_spectro.specinitTestCase" name="test_get_k" time="0.001" /><testcase classname="cloe.tests.test_spectro.specinitTestCase" name="test_get_mu" time="0.001" /><testcase classname="cloe.tests.test_spectro.specinitTestCase" name="test_multipole_correlation_function" time="0.044" /><testcase classname="cloe.tests.test_spectro.specinitTestCase" name="test_multipole_correlation_function_dens_mag" time="0.002" /><testcase classname="cloe.tests.test_spectro.specinitTestCase" name="test_multipole_correlation_function_mag_mag" time="0.001" /><testcase classname="cloe.tests.test_spectro.specinitTestCase" name="test_multipole_spectra_integrand" time="0.211" /><testcase classname="cloe.tests.test_spectro.specinitTestCase" name="test_multipole_spectra_integrand_no_z_err" time="0.208" /><testcase classname="cloe.tests.test_spectro.specinitTestCase" name="test_multipole_spectra_m0" time="0.203" /><testcase classname="cloe.tests.test_spectro.specinitTestCase" name="test_multipole_spectra_m1" time="0.228" /><testcase classname="cloe.tests.test_spectro.specinitTestCase" name="test_multipole_spectra_m100" time="0.201" /><testcase classname="cloe.tests.test_spectro.specinitTestCase" name="test_multipole_spectra_m2" time="0.224" /><testcase classname="cloe.tests.test_spectro.specinitTestCase" name="test_multipole_spectra_m3" time="0.222" /><testcase classname="cloe.tests.test_spectro.specinitTestCase" name="test_multipole_spectra_m4" time="0.227" /><testcase classname="cloe.tests.test_spectro.specinitTestCase" name="test_scaling_factor_parall" time="0.002" /><testcase classname="cloe.tests.test_spectro.specinitTestCase" name="test_scaling_factor_perp" time="0.002" /><testcase classname="cloe.tests.test_fftlog" name="PYCODESTYLE" time="0.001"><skipped type="pytest.skip" message="previously passed pycodestyle checks">/Users/david/opt/anaconda3/envs/cloe/lib/python3.9/site-packages/pytest_pycodestyle.py:68: previously passed pycodestyle checks</skipped></testcase><testcase classname="cloe.tests.test_fftlog.fftloginitTestCase" name="test_fftlog_ddj" time="0.022" /><testcase classname="cloe.tests.test_fftlog.fftloginitTestCase" name="test_fftlog_dj" time="0.011" /><testcase classname="cloe.tests.test_fftlog.fftloginitTestCase" name="test_hankel" time="0.008" /><testcase classname="cloe.tests.test_eft" name="PYCODESTYLE" time="0.001"><skipped type="pytest.skip" message="previously passed pycodestyle checks">/Users/david/opt/anaconda3/envs/cloe/lib/python3.9/site-packages/pytest_pycodestyle.py:68: previously passed pycodestyle checks</skipped></testcase><testcase classname="cloe.tests.test_eft.eftinitTestCase" name="test_CallEH_NW" time="0.074" /><testcase classname="cloe.tests.test_eft.eftinitTestCase" name="test_IRresum" time="0.048" /><testcase classname="cloe.tests.test_eft.eftinitTestCase" name="test_P_kmu_z" time="0.103" /><testcase classname="cloe.tests.test_eft.eftinitTestCase" name="test_P_realspace_terms_kz" time="0.080" /><testcase classname="cloe.tests.test_eft.eftinitTestCase" name="test_Pgg_kmu_terms" time="0.091" /><testcase classname="cloe.tests.test_eft.eftinitTestCase" name="test_gaussianFiltering" time="0.005" /><testcase classname="cloe.tests.test_eft.eftinitTestCase" name="test_muxdamp" time="0.001" /><testcase classname="cloe.tests.test_data_handler" name="PYCODESTYLE" time="0.001"><skipped type="pytest.skip" message="previously passed pycodestyle checks">/Users/david/opt/anaconda3/envs/cloe/lib/python3.9/site-packages/pytest_pycodestyle.py:68: previously passed pycodestyle checks</skipped></testcase><testcase classname="cloe.tests.test_data_handler.datahandlerTestCase" name="test_create_cov_matrix" time="2.216" /><testcase classname="cloe.tests.test_data_handler.datahandlerTestCase" name="test_create_data_vector" time="0.001" /><testcase classname="cloe.tests.test_data_handler.datahandlerTestCase" name="test_create_masking_vectors" time="0.112" /><testcase classname="cloe.tests.test_data_handler.datahandlerTestCase" name="test_observables_selection" time="0.008" /><testcase classname="cloe.tests.test_data_handler.datahandlerTestCase" name="test_spectro_data_size" time="0.024" /><testcase classname="cloe.tests.test_cosmo" name="PYCODESTYLE" time="0.001"><skipped type="pytest.skip" message="previously passed pycodestyle checks">/Users/david/opt/anaconda3/envs/cloe/lib/python3.9/site-packages/pytest_pycodestyle.py:68: previously passed pycodestyle checks</skipped></testcase><testcase classname="cloe.tests.test_cosmo.cosmoinitTestCase" name="test_MG_mu" time="0.066" /><testcase classname="cloe.tests.test_cosmo.cosmoinitTestCase" name="test_MG_mu_def" time="0.001" /><testcase classname="cloe.tests.test_cosmo.cosmoinitTestCase" name="test_MG_sigma" time="0.001" /><testcase classname="cloe.tests.test_cosmo.cosmoinitTestCase" name="test_MG_sigma_def" time="0.001" /><testcase classname="cloe.tests.test_cosmo.cosmoinitTestCase" name="test_Pdeltai" time="0.001" /><testcase classname="cloe.tests.test_cosmo.cosmoinitTestCase" name="test_Pgdelta_phot" time="0.002" /><testcase classname="cloe.tests.test_cosmo.cosmoinitTestCase" name="test_Pgdelta_phot_interp" time="0.001" /><testcase classname="cloe.tests.test_cosmo.cosmoinitTestCase" name="test_Pgdelta_spectro" time="0.001" /><testcase classname="cloe.tests.test_cosmo.cosmoinitTestCase" name="test_Pgdelta_spectro_interp" time="0.001" /><testcase classname="cloe.tests.test_cosmo.cosmoinitTestCase" name="test_Pgg_phot" time="0.001" /><testcase classname="cloe.tests.test_cosmo.cosmoinitTestCase" name="test_Pgg_phot_interp" time="0.001" /><testcase classname="cloe.tests.test_cosmo.cosmoinitTestCase" name="test_Pgg_spectro" time="0.002" /><testcase classname="cloe.tests.test_cosmo.cosmoinitTestCase" name="test_Pgg_spectro_interp" time="0.002" /><testcase classname="cloe.tests.test_cosmo.cosmoinitTestCase" name="test_Pgi_phot" time="0.001" /><testcase classname="cloe.tests.test_cosmo.cosmoinitTestCase" name="test_Pgi_spectro" time="0.001" /><testcase classname="cloe.tests.test_cosmo.cosmoinitTestCase" name="test_Pii" time="0.001" /><testcase classname="cloe.tests.test_cosmo.cosmoinitTestCase" name="test_Weyl_matter_ratio" time="0.002" /><testcase classname="cloe.tests.test_cosmo.cosmoinitTestCase" name="test_compute_phot_galbias" time="0.002" /><testcase classname="cloe.tests.test_cosmo.cosmoinitTestCase" name="test_cosmo_asign" time="0.001" /><testcase classname="cloe.tests.test_cosmo.cosmoinitTestCase" name="test_cosmo_growth_factor" time="0.001" /><testcase classname="cloe.tests.test_cosmo.cosmoinitTestCase" name="test_cosmo_growth_factor_interp" time="0.001" /><testcase classname="cloe.tests.test_cosmo.cosmoinitTestCase" name="test_cosmo_growth_rate" time="0.003" /><testcase classname="cloe.tests.test_cosmo.cosmoinitTestCase" name="test_cosmo_growth_rate_MG_interp" time="0.001" /><testcase classname="cloe.tests.test_cosmo.cosmoinitTestCase" name="test_cosmo_growth_rate_interp" time="0.001" /><testcase classname="cloe.tests.test_cosmo.cosmoinitTestCase" name="test_cosmo_init" time="0.001" /><testcase classname="cloe.tests.test_cosmo.cosmoinitTestCase" name="test_cosmo_nuisance_init" time="0.001" /><testcase classname="cloe.tests.test_cosmo.cosmoinitTestCase" name="test_growth_factor_MG" time="0.035" /><testcase classname="cloe.tests.test_cosmo.cosmoinitTestCase" name="test_growth_rate_MG" time="0.001" /><testcase classname="cloe.tests.test_cosmo.cosmoinitTestCase" name="test_istf_spectro_galbias" time="0.001" /><testcase classname="cloe.tests.test_cosmo.cosmoinitTestCase" name="test_matter_density" time="0.001" /><testcase classname="cloe.tests.test_cosmo.cosmoinitTestCase" name="test_pk_source" time="0.001" /><testcase classname="cloe.tests.test_cosmo.cosmoinitTestCase" name="test_poly_phot_galbias" time="0.001" /><testcase classname="cloe.tests.test_cosmo.cosmoinitTestCase" name="test_rescaled_halomodel_power_MG" time="0.001" /><testcase classname="cloe.tests.test_cosmo.cosmoinitTestCase" name="test_rescaled_linear_power_MG" time="0.001" /><testcase classname="cloe.tests.test_cosmo.cosmoinitTestCase" name="test_rescaled_linear_power_cb_MG" time="0.001" /><testcase classname="cloe.tests.test_cosmo.cosmoinitTestCase" name="test_transverse_comoving_dist" time="0.001" /><testcase classname="cloe.tests.test_cosmo.cosmoinitTestCase" name="test_transverse_comoving_dist_z12" time="0.002" /><testcase classname="cloe.tests.test_cosmo.cosmoinitTestCase" name="test_transverse_comoving_dist_z12_curv_neg" time="0.001" /><testcase classname="cloe.tests.test_cosmo.cosmoinitTestCase" name="test_transverse_comoving_dist_z12_curv_pos" time="0.001" /><testcase classname="cloe.tests.test_cosmo.cosmoinitTestCase" name="test_update_cosmo_dic" time="0.469" /><testcase classname="cloe.tests.test_cosmo.cosmoinitTestCase" name="test_z_of_r_inverse" time="0.001" /><testcase classname="cloe.tests.test_cosmo.cosmoinitTestCase" name="test_z_win_exception" time="0.002" /><testcase classname="cloe.non_linear.pgg_spectro" name="PYDOCSTYLE" time="0.001"><skipped type="pytest.skip" message="previously passed pydocstyle checks">/Users/david/opt/anaconda3/envs/cloe/lib/python3.9/site-packages/pytest_pydocstyle.py:86: previously passed pydocstyle checks</skipped></testcase><testcase classname="cloe.non_linear.pgg_spectro" name="PYCODESTYLE" time="0.001"><skipped type="pytest.skip" message="previously passed pycodestyle checks">/Users/david/opt/anaconda3/envs/cloe/lib/python3.9/site-packages/pytest_pycodestyle.py:68: previously passed pycodestyle checks</skipped></testcase><testcase classname="cloe.masking.data_handler" name="PYDOCSTYLE" time="0.001"><skipped type="pytest.skip" message="previously passed pydocstyle checks">/Users/david/opt/anaconda3/envs/cloe/lib/python3.9/site-packages/pytest_pydocstyle.py:86: previously passed pydocstyle checks</skipped></testcase><testcase classname="cloe.masking.data_handler" name="PYCODESTYLE" time="0.001"><skipped type="pytest.skip" message="previously passed pycodestyle checks">/Users/david/opt/anaconda3/envs/cloe/lib/python3.9/site-packages/pytest_pycodestyle.py:68: previously passed pycodestyle checks</skipped></testcase><testcase classname="cloe.fftlog.utils" name="PYDOCSTYLE" time="0.001"><skipped type="pytest.skip" message="previously passed pydocstyle checks">/Users/david/opt/anaconda3/envs/cloe/lib/python3.9/site-packages/pytest_pydocstyle.py:86: previously passed pydocstyle checks</skipped></testcase><testcase classname="cloe.fftlog.utils" name="PYCODESTYLE" time="0.001"><skipped type="pytest.skip" message="previously passed pycodestyle checks">/Users/david/opt/anaconda3/envs/cloe/lib/python3.9/site-packages/pytest_pycodestyle.py:68: previously passed pycodestyle checks</skipped></testcase><testcase classname="cloe.fftlog.hankel" name="PYDOCSTYLE" time="0.001"><skipped type="pytest.skip" message="previously passed pydocstyle checks">/Users/david/opt/anaconda3/envs/cloe/lib/python3.9/site-packages/pytest_pydocstyle.py:86: previously passed pydocstyle checks</skipped></testcase><testcase classname="cloe.fftlog.hankel" name="PYCODESTYLE" time="0.001"><skipped type="pytest.skip" message="previously passed pycodestyle checks">/Users/david/opt/anaconda3/envs/cloe/lib/python3.9/site-packages/pytest_pycodestyle.py:68: previously passed pycodestyle checks</skipped></testcase><testcase classname="cloe.fftlog.fftlog" name="PYDOCSTYLE" time="0.001"><skipped type="pytest.skip" message="previously passed pydocstyle checks">/Users/david/opt/anaconda3/envs/cloe/lib/python3.9/site-packages/pytest_pydocstyle.py:86: previously passed pydocstyle checks</skipped></testcase><testcase classname="cloe.fftlog.fftlog" name="PYCODESTYLE" time="0.001"><skipped type="pytest.skip" message="previously passed pycodestyle checks">/Users/david/opt/anaconda3/envs/cloe/lib/python3.9/site-packages/pytest_pycodestyle.py:68: previously passed pycodestyle checks</skipped></testcase><testcase classname="cloe.user_interface.__init__" name="PYDOCSTYLE" time="0.001"><skipped type="pytest.skip" message="previously passed pydocstyle checks">/Users/david/opt/anaconda3/envs/cloe/lib/python3.9/site-packages/pytest_pydocstyle.py:86: previously passed pydocstyle checks</skipped></testcase><testcase classname="cloe.user_interface.__init__" name="PYCODESTYLE" time="0.001"><skipped type="pytest.skip" message="previously passed pycodestyle checks">/Users/david/opt/anaconda3/envs/cloe/lib/python3.9/site-packages/pytest_pycodestyle.py:68: previously passed pycodestyle checks</skipped></testcase><testcase classname="cloe.tests.test_yaml_handler" name="PYCODESTYLE" time="0.001"><skipped type="pytest.skip" message="previously passed pycodestyle checks">/Users/david/opt/anaconda3/envs/cloe/lib/python3.9/site-packages/pytest_pycodestyle.py:68: previously passed pycodestyle checks</skipped></testcase><testcase classname="cloe.tests.test_yaml_handler.yaml_handler_test" name="test_read" time="0.002" /><testcase classname="cloe.tests.test_yaml_handler.yaml_handler_test" name="test_read_and_check_dict" time="0.002" /><testcase classname="cloe.tests.test_yaml_handler.yaml_handler_test" name="test_read_and_check_dict_bad_dict" time="0.002" /><testcase classname="cloe.tests.test_yaml_handler.yaml_handler_test" name="test_read_and_check_dict_bad_type" time="0.002" /><testcase classname="cloe.tests.test_yaml_handler.yaml_handler_test" name="test_write" time="0.009" /><testcase classname="cloe.tests.test_yaml_handler.yaml_handler_test" name="test_write_bad_input_type" time="0.001" /><testcase classname="cloe.tests.test_yaml_handler.yaml_handler_test" name="test_write_overwrite_exception" time="0.001" /><testcase classname="cloe.tests.test_tools.test_data_handler" name="PYCODESTYLE" time="0.001"><skipped type="pytest.skip" message="previously passed pycodestyle checks">/Users/david/opt/anaconda3/envs/cloe/lib/python3.9/site-packages/pytest_pycodestyle.py:68: previously passed pycodestyle checks</skipped></testcase><testcase classname="cloe.tests.test_tools.spectro_test_handler" name="PYDOCSTYLE" time="0.001"><skipped type="pytest.skip" message="previously passed pydocstyle checks">/Users/david/opt/anaconda3/envs/cloe/lib/python3.9/site-packages/pytest_pydocstyle.py:86: previously passed pydocstyle checks</skipped></testcase><testcase classname="cloe.tests.test_tools.spectro_test_handler" name="PYCODESTYLE" time="0.001"><skipped type="pytest.skip" message="previously passed pycodestyle checks">/Users/david/opt/anaconda3/envs/cloe/lib/python3.9/site-packages/pytest_pycodestyle.py:68: previously passed pycodestyle checks</skipped></testcase><testcase classname="cloe.tests.test_tools.mock_objects" name="PYDOCSTYLE" time="0.001"><skipped type="pytest.skip" message="previously passed pydocstyle checks">/Users/david/opt/anaconda3/envs/cloe/lib/python3.9/site-packages/pytest_pydocstyle.py:86: previously passed pydocstyle checks</skipped></testcase><testcase classname="cloe.tests.test_tools.mock_objects" name="PYCODESTYLE" time="0.001"><skipped type="pytest.skip" message="previously passed pycodestyle checks">/Users/david/opt/anaconda3/envs/cloe/lib/python3.9/site-packages/pytest_pycodestyle.py:68: previously passed pycodestyle checks</skipped></testcase><testcase classname="cloe.tests.test_test_tools" name="PYCODESTYLE" time="0.001"><skipped type="pytest.skip" message="previously passed pycodestyle checks">/Users/david/opt/anaconda3/envs/cloe/lib/python3.9/site-packages/pytest_pycodestyle.py:68: previously passed pycodestyle checks</skipped></testcase><testcase classname="cloe.tests.test_test_tools.TestDataHandlerTestCase" name="test_load_test_npy" time="0.003" /><testcase classname="cloe.tests.test_test_tools.TestDataHandlerTestCase" name="test_load_test_pickle" time="0.001" /><testcase classname="cloe.tests.test_test_tools.TestDataHandlerTestCase" name="test_save_test_pickle" time="0.002" /><testcase classname="cloe.tests.test_redshift_distribution" name="PYCODESTYLE" time="0.001"><skipped type="pytest.skip" message="previously passed pycodestyle checks">/Users/david/opt/anaconda3/envs/cloe/lib/python3.9/site-packages/pytest_pycodestyle.py:68: previously passed pycodestyle checks</skipped></testcase><testcase classname="cloe.tests.test_redshift_distribution.RedshiftDistributionTestCase" name="test_evaluates_n_i_z_only_shift" time="0.012" /><testcase classname="cloe.tests.test_redshift_distribution.RedshiftDistributionTestCase" name="test_evaluates_n_i_z_zero_shift" time="0.007" /><testcase classname="cloe.tests.test_redshift_distribution.RedshiftDistributionTestCase" name="test_init_bad_nuisance_dict" time="0.005" /><testcase classname="cloe.tests.test_redshift_distribution.RedshiftDistributionTestCase" name="test_init_success" time="0.005" /><testcase classname="cloe.tests.test_redshift_distribution.RedshiftDistributionTestCase" name="test_interpolates_n_i_z_only_shift" time="0.007" /><testcase classname="cloe.tests.test_redshift_bins" name="PYCODESTYLE" time="0.001"><skipped type="pytest.skip" message="previously passed pycodestyle checks">/Users/david/opt/anaconda3/envs/cloe/lib/python3.9/site-packages/pytest_pycodestyle.py:68: previously passed pycodestyle checks</skipped></testcase><testcase classname="cloe.tests.test_redshift_bins.RedshiftBinsTestCase" name="test_find_bin_scalar" time="0.002" /><testcase classname="cloe.tests.test_redshift_bins.RedshiftBinsTestCase" name="test_find_indices_vector" time="0.002" /><testcase classname="cloe.tests.test_redshift_bins.RedshiftBinsTestCase" name="test_reduce" time="0.001" /><testcase classname="cloe.tests.test_params_converter" name="PYCODESTYLE" time="0.001"><skipped type="pytest.skip" message="previously passed pycodestyle checks">/Users/david/opt/anaconda3/envs/cloe/lib/python3.9/site-packages/pytest_pycodestyle.py:68: previously passed pycodestyle checks</skipped></testcase><testcase classname="cloe.tests.test_params_converter.ParamsConverterTestCase" name="test_camb_to_classy_conversion" time="0.001" /><testcase classname="cloe.tests.test_params_converter.ParamsConverterTestCase" name="test_classy_to_camb_conversion" time="0.001" /><testcase classname="cloe.tests.test_matrix_manipulator" name="PYCODESTYLE" time="0.001"><skipped type="pytest.skip" message="previously passed pycodestyle checks">/Users/david/opt/anaconda3/envs/cloe/lib/python3.9/site-packages/pytest_pycodestyle.py:68: previously passed pycodestyle checks</skipped></testcase><testcase classname="cloe.tests.test_matrix_manipulator.MatrixManipulator_test" name="test_merge_matrices" time="0.002" /><testcase classname="cloe.tests.test_masking" name="PYCODESTYLE" time="0.001"><skipped type="pytest.skip" message="previously passed pycodestyle checks">/Users/david/opt/anaconda3/envs/cloe/lib/python3.9/site-packages/pytest_pycodestyle.py:68: previously passed pycodestyle checks</skipped></testcase><testcase classname="cloe.tests.test_masking.Masking_test" name="test_get_masked_covariance_matrix" time="0.002" /><testcase classname="cloe.tests.test_masking.Masking_test" name="test_get_masked_data_vector" time="0.001" /><testcase classname="cloe.tests.test_masking.Masking_test" name="test_get_masked_theory_vector" time="0.002" /><testcase classname="cloe.tests.test_masking.Masking_test" name="test_set_covariance_matrix" time="0.003" /><testcase classname="cloe.tests.test_masking.Masking_test" name="test_set_covariance_matrix_invalid" time="0.002" /><testcase classname="cloe.tests.test_masking.Masking_test" name="test_set_data_vector" time="0.002" /><testcase classname="cloe.tests.test_masking.Masking_test" name="test_set_masking_vector" time="0.001" /><testcase classname="cloe.tests.test_masking.Masking_test" name="test_set_theory_vector" time="0.002" /><testcase classname="cloe.tests.test_likelihood_yaml_handler" name="PYCODESTYLE" time="0.001"><skipped type="pytest.skip" message="previously passed pycodestyle checks">/Users/david/opt/anaconda3/envs/cloe/lib/python3.9/site-packages/pytest_pycodestyle.py:68: previously passed pycodestyle checks</skipped></testcase><testcase classname="cloe.tests.test_likelihood_yaml_handler.yaml_handler_test" name="test_generate_params_dict_from_model_dict" time="0.002" /><testcase classname="cloe.tests.test_likelihood_yaml_handler.yaml_handler_test" name="test_generate_params_dict_from_model_dict_nocosmo" time="0.001" /><testcase classname="cloe.tests.test_likelihood_yaml_handler.yaml_handler_test" name="test_get_params_dict_without_cosmo_params" time="0.001" /><testcase classname="cloe.tests.test_likelihood_yaml_handler.yaml_handler_test" name="test_load_model_dict_from_yaml" time="0.001" /><testcase classname="cloe.tests.test_likelihood_yaml_handler.yaml_handler_test" name="test_update_cobaya_params_from_model_yaml" time="0.002" /><testcase classname="cloe.tests.test_likelihood_yaml_handler.yaml_handler_test" name="test_update_cobaya_params_from_model_yaml_overwrite" time="0.005" /><testcase classname="cloe.tests.test_likelihood_yaml_handler.yaml_handler_test" name="test_write_params_yaml_from_model_dict" time="0.003" /><testcase classname="cloe.tests.test_input.base_test_cosmo" name="PYDOCSTYLE" time="0.001"><skipped type="pytest.skip" message="previously passed pydocstyle checks">/Users/david/opt/anaconda3/envs/cloe/lib/python3.9/site-packages/pytest_pydocstyle.py:86: previously passed pydocstyle checks</skipped></testcase><testcase classname="cloe.tests.test_input.base_test_cosmo" name="PYCODESTYLE" time="0.001"><skipped type="pytest.skip" message="previously passed pycodestyle checks">/Users/david/opt/anaconda3/envs/cloe/lib/python3.9/site-packages/pytest_pycodestyle.py:68: previously passed pycodestyle checks</skipped></testcase><testcase classname="cloe.tests.test_aux" name="PYCODESTYLE" time="0.001"><skipped type="pytest.skip" message="previously passed pycodestyle checks">/Users/david/opt/anaconda3/envs/cloe/lib/python3.9/site-packages/pytest_pycodestyle.py:68: previously passed pycodestyle checks</skipped></testcase><testcase classname="cloe.tests.test_aux.plotterTestCase" name="test_ext_GC_spectro_multipole_excep" time="1.449" /><testcase classname="cloe.tests.test_aux.plotterTestCase" name="test_ext_XC_phot_excep" time="0.001" /><testcase classname="cloe.tests.test_aux.plotterTestCase" name="test_ext_phot_excep" time="0.001" /><testcase classname="cloe.tests.test_aux.plotterTestCase" name="test_plot_GC_spectro_multipole_excep" time="0.001" /><testcase classname="cloe.tests.test_aux.plotterTestCase" name="test_plot_XC_phot_excep" time="0.001" /><testcase classname="cloe.tests.test_aux.plotterTestCase" name="test_plot_phot_excep" time="0.002" /><testcase classname="cloe.tests.test_aux.plotterTestCase" name="test_plotter_init" time="0.001" /><testcase classname="cloe.tests.__init__" name="PYDOCSTYLE" time="0.001"><skipped type="pytest.skip" message="previously passed pydocstyle checks">/Users/david/opt/anaconda3/envs/cloe/lib/python3.9/site-packages/pytest_pydocstyle.py:86: previously passed pydocstyle checks</skipped></testcase><testcase classname="cloe.tests.__init__" name="PYCODESTYLE" time="0.001"><skipped type="pytest.skip" message="previously passed pycodestyle checks">/Users/david/opt/anaconda3/envs/cloe/lib/python3.9/site-packages/pytest_pycodestyle.py:68: previously passed pycodestyle checks</skipped></testcase><testcase classname="cloe.spectroscopic_survey.__init__" name="PYDOCSTYLE" time="0.001"><skipped type="pytest.skip" message="previously passed pydocstyle checks">/Users/david/opt/anaconda3/envs/cloe/lib/python3.9/site-packages/pytest_pydocstyle.py:86: previously passed pydocstyle checks</skipped></testcase><testcase classname="cloe.spectroscopic_survey.__init__" name="PYCODESTYLE" time="0.001"><skipped type="pytest.skip" message="previously passed pycodestyle checks">/Users/david/opt/anaconda3/envs/cloe/lib/python3.9/site-packages/pytest_pycodestyle.py:68: previously passed pycodestyle checks</skipped></testcase><testcase classname="cloe.photometric_survey.redshift_distribution" name="PYDOCSTYLE" time="0.001"><skipped type="pytest.skip" message="previously passed pydocstyle checks">/Users/david/opt/anaconda3/envs/cloe/lib/python3.9/site-packages/pytest_pydocstyle.py:86: previously passed pydocstyle checks</skipped></testcase><testcase classname="cloe.photometric_survey.redshift_distribution" name="PYCODESTYLE" time="0.001"><skipped type="pytest.skip" message="previously passed pycodestyle checks">/Users/david/opt/anaconda3/envs/cloe/lib/python3.9/site-packages/pytest_pycodestyle.py:68: previously passed pycodestyle checks</skipped></testcase><testcase classname="cloe.photometric_survey.__init__" name="PYDOCSTYLE" time="0.001"><skipped type="pytest.skip" message="previously passed pydocstyle checks">/Users/david/opt/anaconda3/envs/cloe/lib/python3.9/site-packages/pytest_pydocstyle.py:86: previously passed pydocstyle checks</skipped></testcase><testcase classname="cloe.photometric_survey.__init__" name="PYCODESTYLE" time="0.001"><skipped type="pytest.skip" message="previously passed pycodestyle checks">/Users/david/opt/anaconda3/envs/cloe/lib/python3.9/site-packages/pytest_pycodestyle.py:68: previously passed pycodestyle checks</skipped></testcase><testcase classname="cloe.non_linear.power_spectrum" name="PYDOCSTYLE" time="0.001"><skipped type="pytest.skip" message="previously passed pydocstyle checks">/Users/david/opt/anaconda3/envs/cloe/lib/python3.9/site-packages/pytest_pydocstyle.py:86: previously passed pydocstyle checks</skipped></testcase><testcase classname="cloe.non_linear.power_spectrum" name="PYCODESTYLE" time="0.001"><skipped type="pytest.skip" message="previously passed pycodestyle checks">/Users/david/opt/anaconda3/envs/cloe/lib/python3.9/site-packages/pytest_pycodestyle.py:68: previously passed pycodestyle checks</skipped></testcase><testcase classname="cloe.non_linear.__init__" name="PYDOCSTYLE" time="0.001"><skipped type="pytest.skip" message="previously passed pydocstyle checks">/Users/david/opt/anaconda3/envs/cloe/lib/python3.9/site-packages/pytest_pydocstyle.py:86: previously passed pydocstyle checks</skipped></testcase><testcase classname="cloe.non_linear.__init__" name="PYCODESTYLE" time="0.001"><skipped type="pytest.skip" message="previously passed pycodestyle checks">/Users/david/opt/anaconda3/envs/cloe/lib/python3.9/site-packages/pytest_pycodestyle.py:68: previously passed pycodestyle checks</skipped></testcase><testcase classname="cloe.masking.masking" name="PYDOCSTYLE" time="0.001"><skipped type="pytest.skip" message="previously passed pydocstyle checks">/Users/david/opt/anaconda3/envs/cloe/lib/python3.9/site-packages/pytest_pydocstyle.py:86: previously passed pydocstyle checks</skipped></testcase><testcase classname="cloe.masking.masking" name="PYCODESTYLE" time="0.001"><skipped type="pytest.skip" message="previously passed pycodestyle checks">/Users/david/opt/anaconda3/envs/cloe/lib/python3.9/site-packages/pytest_pycodestyle.py:68: previously passed pycodestyle checks</skipped></testcase><testcase classname="cloe.masking.__init__" name="PYDOCSTYLE" time="0.001"><skipped type="pytest.skip" message="previously passed pydocstyle checks">/Users/david/opt/anaconda3/envs/cloe/lib/python3.9/site-packages/pytest_pydocstyle.py:86: previously passed pydocstyle checks</skipped></testcase><testcase classname="cloe.masking.__init__" name="PYCODESTYLE" time="0.001"><skipped type="pytest.skip" message="previously passed pycodestyle checks">/Users/david/opt/anaconda3/envs/cloe/lib/python3.9/site-packages/pytest_pycodestyle.py:68: previously passed pycodestyle checks</skipped></testcase><testcase classname="cloe.like_calc.__init__" name="PYDOCSTYLE" time="0.001"><skipped type="pytest.skip" message="previously passed pydocstyle checks">/Users/david/opt/anaconda3/envs/cloe/lib/python3.9/site-packages/pytest_pydocstyle.py:86: previously passed pydocstyle checks</skipped></testcase><testcase classname="cloe.like_calc.__init__" name="PYCODESTYLE" time="0.001"><skipped type="pytest.skip" message="previously passed pycodestyle checks">/Users/david/opt/anaconda3/envs/cloe/lib/python3.9/site-packages/pytest_pycodestyle.py:68: previously passed pycodestyle checks</skipped></testcase><testcase classname="cloe.info" name="PYDOCSTYLE" time="0.001"><skipped type="pytest.skip" message="previously passed pydocstyle checks">/Users/david/opt/anaconda3/envs/cloe/lib/python3.9/site-packages/pytest_pydocstyle.py:86: previously passed pydocstyle checks</skipped></testcase><testcase classname="cloe.info" name="PYCODESTYLE" time="0.001"><skipped type="pytest.skip" message="previously passed pycodestyle checks">/Users/david/opt/anaconda3/envs/cloe/lib/python3.9/site-packages/pytest_pycodestyle.py:68: previously passed pycodestyle checks</skipped></testcase><testcase classname="cloe.fftlog.__init__" name="PYDOCSTYLE" time="0.001"><skipped type="pytest.skip" message="previously passed pydocstyle checks">/Users/david/opt/anaconda3/envs/cloe/lib/python3.9/site-packages/pytest_pydocstyle.py:86: previously passed pydocstyle checks</skipped></testcase><testcase classname="cloe.fftlog.__init__" name="PYCODESTYLE" time="0.001"><skipped type="pytest.skip" message="previously passed pycodestyle checks">/Users/david/opt/anaconda3/envs/cloe/lib/python3.9/site-packages/pytest_pycodestyle.py:68: previously passed pycodestyle checks</skipped></testcase><testcase classname="cloe.data_reader.__init__" name="PYDOCSTYLE" time="0.002"><skipped type="pytest.skip" message="previously passed pydocstyle checks">/Users/david/opt/anaconda3/envs/cloe/lib/python3.9/site-packages/pytest_pydocstyle.py:86: previously passed pydocstyle checks</skipped></testcase><testcase classname="cloe.data_reader.__init__" name="PYCODESTYLE" time="0.001"><skipped type="pytest.skip" message="previously passed pycodestyle checks">/Users/david/opt/anaconda3/envs/cloe/lib/python3.9/site-packages/pytest_pycodestyle.py:68: previously passed pycodestyle checks</skipped></testcase><testcase classname="cloe.cosmo.__init__" name="PYDOCSTYLE" time="0.001"><skipped type="pytest.skip" message="previously passed pydocstyle checks">/Users/david/opt/anaconda3/envs/cloe/lib/python3.9/site-packages/pytest_pydocstyle.py:86: previously passed pydocstyle checks</skipped></testcase><testcase classname="cloe.cosmo.__init__" name="PYCODESTYLE" time="0.001"><skipped type="pytest.skip" message="previously passed pycodestyle checks">/Users/david/opt/anaconda3/envs/cloe/lib/python3.9/site-packages/pytest_pycodestyle.py:68: previously passed pycodestyle checks</skipped></testcase><testcase classname="cloe.auxiliary.yaml_handler" name="PYDOCSTYLE" time="0.001"><skipped type="pytest.skip" message="previously passed pydocstyle checks">/Users/david/opt/anaconda3/envs/cloe/lib/python3.9/site-packages/pytest_pydocstyle.py:86: previously passed pydocstyle checks</skipped></testcase><testcase classname="cloe.auxiliary.yaml_handler" name="PYCODESTYLE" time="0.001"><skipped type="pytest.skip" message="previously passed pycodestyle checks">/Users/david/opt/anaconda3/envs/cloe/lib/python3.9/site-packages/pytest_pycodestyle.py:68: previously passed pycodestyle checks</skipped></testcase><testcase classname="cloe.auxiliary.run_method" name="PYDOCSTYLE" time="0.001"><skipped type="pytest.skip" message="previously passed pydocstyle checks">/Users/david/opt/anaconda3/envs/cloe/lib/python3.9/site-packages/pytest_pydocstyle.py:86: previously passed pydocstyle checks</skipped></testcase><testcase classname="cloe.auxiliary.run_method" name="PYCODESTYLE" time="0.001"><skipped type="pytest.skip" message="previously passed pycodestyle checks">/Users/david/opt/anaconda3/envs/cloe/lib/python3.9/site-packages/pytest_pycodestyle.py:68: previously passed pycodestyle checks</skipped></testcase><testcase classname="cloe.auxiliary.redshift_bins" name="PYDOCSTYLE" time="0.001"><skipped type="pytest.skip" message="previously passed pydocstyle checks">/Users/david/opt/anaconda3/envs/cloe/lib/python3.9/site-packages/pytest_pydocstyle.py:86: previously passed pydocstyle checks</skipped></testcase><testcase classname="cloe.auxiliary.redshift_bins" name="PYCODESTYLE" time="0.001"><skipped type="pytest.skip" message="previously passed pycodestyle checks">/Users/david/opt/anaconda3/envs/cloe/lib/python3.9/site-packages/pytest_pycodestyle.py:68: previously passed pycodestyle checks</skipped></testcase><testcase classname="cloe.auxiliary.plotter_default" name="PYDOCSTYLE" time="0.001"><skipped type="pytest.skip" message="previously passed pydocstyle checks">/Users/david/opt/anaconda3/envs/cloe/lib/python3.9/site-packages/pytest_pydocstyle.py:86: previously passed pydocstyle checks</skipped></testcase><testcase classname="cloe.auxiliary.plotter_default" name="PYCODESTYLE" time="0.001"><skipped type="pytest.skip" message="previously passed pycodestyle checks">/Users/david/opt/anaconda3/envs/cloe/lib/python3.9/site-packages/pytest_pycodestyle.py:68: previously passed pycodestyle checks</skipped></testcase><testcase classname="cloe.auxiliary.plotter" name="PYDOCSTYLE" time="0.001"><skipped type="pytest.skip" message="previously passed pydocstyle checks">/Users/david/opt/anaconda3/envs/cloe/lib/python3.9/site-packages/pytest_pydocstyle.py:86: previously passed pydocstyle checks</skipped></testcase><testcase classname="cloe.auxiliary.plotter" name="PYCODESTYLE" time="0.001"><skipped type="pytest.skip" message="previously passed pycodestyle checks">/Users/david/opt/anaconda3/envs/cloe/lib/python3.9/site-packages/pytest_pycodestyle.py:68: previously passed pycodestyle checks</skipped></testcase><testcase classname="cloe.auxiliary.params_converter" name="PYDOCSTYLE" time="0.001"><skipped type="pytest.skip" message="previously passed pydocstyle checks">/Users/david/opt/anaconda3/envs/cloe/lib/python3.9/site-packages/pytest_pydocstyle.py:86: previously passed pydocstyle checks</skipped></testcase><testcase classname="cloe.auxiliary.params_converter" name="PYCODESTYLE" time="0.001"><skipped type="pytest.skip" message="previously passed pycodestyle checks">/Users/david/opt/anaconda3/envs/cloe/lib/python3.9/site-packages/pytest_pycodestyle.py:68: previously passed pycodestyle checks</skipped></testcase><testcase classname="cloe.auxiliary.matrix_transforms" name="PYDOCSTYLE" time="0.001"><skipped type="pytest.skip" message="previously passed pydocstyle checks">/Users/david/opt/anaconda3/envs/cloe/lib/python3.9/site-packages/pytest_pydocstyle.py:86: previously passed pydocstyle checks</skipped></testcase><testcase classname="cloe.auxiliary.matrix_transforms" name="PYCODESTYLE" time="0.001"><skipped type="pytest.skip" message="previously passed pycodestyle checks">/Users/david/opt/anaconda3/envs/cloe/lib/python3.9/site-packages/pytest_pycodestyle.py:68: previously passed pycodestyle checks</skipped></testcase><testcase classname="cloe.auxiliary.matrix_manipulator" name="PYDOCSTYLE" time="0.001"><skipped type="pytest.skip" message="previously passed pydocstyle checks">/Users/david/opt/anaconda3/envs/cloe/lib/python3.9/site-packages/pytest_pydocstyle.py:86: previously passed pydocstyle checks</skipped></testcase><testcase classname="cloe.auxiliary.matrix_manipulator" name="PYCODESTYLE" time="0.001"><skipped type="pytest.skip" message="previously passed pycodestyle checks">/Users/david/opt/anaconda3/envs/cloe/lib/python3.9/site-packages/pytest_pycodestyle.py:68: previously passed pycodestyle checks</skipped></testcase><testcase classname="cloe.auxiliary.logger" name="PYDOCSTYLE" time="0.001"><skipped type="pytest.skip" message="previously passed pydocstyle checks">/Users/david/opt/anaconda3/envs/cloe/lib/python3.9/site-packages/pytest_pydocstyle.py:86: previously passed pydocstyle checks</skipped></testcase><testcase classname="cloe.auxiliary.logger" name="PYCODESTYLE" time="0.001"><skipped type="pytest.skip" message="previously passed pycodestyle checks">/Users/david/opt/anaconda3/envs/cloe/lib/python3.9/site-packages/pytest_pycodestyle.py:68: previously passed pycodestyle checks</skipped></testcase><testcase classname="cloe.auxiliary.likelihood_yaml_handler" name="PYDOCSTYLE" time="0.001"><skipped type="pytest.skip" message="previously passed pydocstyle checks">/Users/david/opt/anaconda3/envs/cloe/lib/python3.9/site-packages/pytest_pydocstyle.py:86: previously passed pydocstyle checks</skipped></testcase><testcase classname="cloe.auxiliary.likelihood_yaml_handler" name="PYCODESTYLE" time="0.001"><skipped type="pytest.skip" message="previously passed pycodestyle checks">/Users/david/opt/anaconda3/envs/cloe/lib/python3.9/site-packages/pytest_pycodestyle.py:68: previously passed pycodestyle checks</skipped></testcase><testcase classname="cloe.auxiliary.getdist_routines" name="PYDOCSTYLE" time="0.001"><skipped type="pytest.skip" message="previously passed pydocstyle checks">/Users/david/opt/anaconda3/envs/cloe/lib/python3.9/site-packages/pytest_pydocstyle.py:86: previously passed pydocstyle checks</skipped></testcase><testcase classname="cloe.auxiliary.getdist_routines" name="PYCODESTYLE" time="0.002"><skipped type="pytest.skip" message="previously passed pycodestyle checks">/Users/david/opt/anaconda3/envs/cloe/lib/python3.9/site-packages/pytest_pycodestyle.py:68: previously passed pycodestyle checks</skipped></testcase><testcase classname="cloe.auxiliary.__init__" name="PYDOCSTYLE" time="0.001"><skipped type="pytest.skip" message="previously passed pydocstyle checks">/Users/david/opt/anaconda3/envs/cloe/lib/python3.9/site-packages/pytest_pydocstyle.py:86: previously passed pydocstyle checks</skipped></testcase><testcase classname="cloe.auxiliary.__init__" name="PYCODESTYLE" time="0.001"><skipped type="pytest.skip" message="previously passed pycodestyle checks">/Users/david/opt/anaconda3/envs/cloe/lib/python3.9/site-packages/pytest_pycodestyle.py:68: previously passed pycodestyle checks</skipped></testcase><testcase classname="cloe.__init__" name="PYDOCSTYLE" time="0.001"><skipped type="pytest.skip" message="previously passed pydocstyle checks">/Users/david/opt/anaconda3/envs/cloe/lib/python3.9/site-packages/pytest_pydocstyle.py:86: previously passed pydocstyle checks</skipped></testcase><testcase classname="cloe.__init__" name="PYCODESTYLE" time="0.002"><skipped type="pytest.skip" message="previously passed pycodestyle checks">/Users/david/opt/anaconda3/envs/cloe/lib/python3.9/site-packages/pytest_pycodestyle.py:68: previously passed pycodestyle checks</skipped></testcase><testcase classname="cloe.tests.test_tools.__init__" name="PYDOCSTYLE" time="0.002"><skipped type="pytest.skip" message="previously passed pydocstyle checks">/Users/david/opt/anaconda3/envs/cloe/lib/python3.9/site-packages/pytest_pydocstyle.py:86: previously passed pydocstyle checks</skipped></testcase><testcase classname="cloe.tests.test_tools.__init__" name="PYCODESTYLE" time="0.001"><skipped type="pytest.skip" message="previously passed pycodestyle checks">/Users/david/opt/anaconda3/envs/cloe/lib/python3.9/site-packages/pytest_pycodestyle.py:68: previously passed pycodestyle checks</skipped></testcase><testcase classname="cloe.tests.test_input.__init__" name="PYDOCSTYLE" time="0.001"><skipped type="pytest.skip" message="previously passed pydocstyle checks">/Users/david/opt/anaconda3/envs/cloe/lib/python3.9/site-packages/pytest_pydocstyle.py:86: previously passed pydocstyle checks</skipped></testcase><testcase classname="cloe.tests.test_input.__init__" name="PYCODESTYLE" time="0.001"><skipped type="pytest.skip" message="previously passed pycodestyle checks">/Users/david/opt/anaconda3/envs/cloe/lib/python3.9/site-packages/pytest_pycodestyle.py:68: previously passed pycodestyle checks</skipped></testcase></testsuite></testsuites>
