<?xml version="1.0" encoding="utf-8"?><testsuites><testsuite name="pytest" errors="0" failures="0" skipped="2" tests="18" time="87.155" timestamp="2024-05-13T12:51:55.516416" hostname="hidra0"><testcase classname="cloe.tests.verification.test_DEMO" name="PYCODESTYLE" time="0.001"><skipped type="pytest.skip" message="previously passed pycodestyle checks">/home/hidra2/gouyou/miniconda3/envs/cloe/lib/python3.9/site-packages/pytest_pycodestyle.py:68: previously passed pycodestyle checks</skipped></testcase><testcase classname="cloe.tests.verification.test_DEMO.DEMOTestCase" name="test_DEMO_convert" time="2.546" /><testcase classname="cloe.tests.verification.test_DEMO.DEMOTestCase" name="test_DEMO_execute" time="78.702" /><testcase classname="cloe.tests.verification.test_likelihood_ui" name="PYCODESTYLE" time="0.001"><skipped type="pytest.skip" message="previously passed pycodestyle checks">/home/hidra2/gouyou/miniconda3/envs/cloe/lib/python3.9/site-packages/pytest_pycodestyle.py:68: previously passed pycodestyle checks</skipped></testcase><testcase classname="cloe.tests.verification.test_likelihood_ui.LikelihoodUI_test" name="test_get_and_check_backend_cobaya" time="0.001" /><testcase classname="cloe.tests.verification.test_likelihood_ui.LikelihoodUI_test" name="test_get_and_check_backend_cosmosis" time="0.001" /><testcase classname="cloe.tests.verification.test_likelihood_ui.LikelihoodUI_test" name="test_get_and_check_backend_invalid" time="0.001" /><testcase classname="cloe.tests.verification.test_likelihood_ui.LikelihoodUI_test" name="test_get_and_check_invalid_action" time="0.003" /><testcase classname="cloe.tests.verification.test_likelihood_ui.LikelihoodUI_test" name="test_get_and_check_no_backend_key" time="0.001" /><testcase classname="cloe.tests.verification.test_likelihood_ui.LikelihoodUI_test" name="test_get_and_check_valid_action" time="0.002" /><testcase classname="cloe.tests.verification.test_likelihood_ui.LikelihoodUI_test" name="test_init_backend_cosmosis" time="0.002" /><testcase classname="cloe.tests.verification.test_likelihood_ui.LikelihoodUI_test" name="test_init_backend_invalid" time="0.002" /><testcase classname="cloe.tests.verification.test_likelihood_ui.LikelihoodUI_test" name="test_init_no_args" time="0.006" /><testcase classname="cloe.tests.verification.test_likelihood_ui.LikelihoodUI_test" name="test_init_no_backend_key" time="0.002" /><testcase classname="cloe.tests.verification.test_likelihood_ui.LikelihoodUI_test" name="test_run_backend_cobaya" time="0.005" /><testcase classname="cloe.tests.verification.test_likelihood_ui.LikelihoodUI_test" name="test_run_cobaya_no_cobaya_key" time="0.002" /><testcase classname="cloe.tests.verification.test_likelihood_ui.LikelihoodUI_test" name="test_run_cobaya_success" time="0.005" /><testcase classname="cloe.tests.verification.test_likelihood_ui.LikelihoodUI_test" name="test_run_update_config_not_recursive" time="0.001" /></testsuite></testsuites>